Testsuite: Phing\Test\ExtensionPointTest
Tests run: 10, Risky: 0, Warnings: 0, Failures: 0, Errors: 0, Incomplete: 0, Skipped: 0, Time elapsed: 0.02968 s
Testsuite: Phing\Test\Filter\ClassConstantsTest
Tests run: 1, Risky: 0, Warnings: 0, Failures: 0, Errors: 0, Incomplete: 0, Skipped: 0, Time elapsed: 0.00356 s
Testsuite: Phing\Test\Filter\ConcatFilterTest
Tests run: 1, Risky: 0, Warnings: 0, Failures: 0, Errors: 0, Incomplete: 0, Skipped: 0, Time elapsed: 0.01786 s
Testsuite: Phing\Test\Filter\EscapeUnicodeTest
Tests run: 1, Risky: 0, Warnings: 0, Failures: 0, Errors: 0, Incomplete: 0, Skipped: 0, Time elapsed: 0.01050 s
Testsuite: Phing\Test\Filter\ExpandPropertiesTest
Tests run: 1, Risky: 0, Warnings: 0, Failures: 0, Errors: 0, Incomplete: 0, Skipped: 0, Time elapsed: 0.01057 s
Testsuite: Phing\Test\Filter\HeadFilterTest
Tests run: 1, Risky: 0, Warnings: 0, Failures: 0, Errors: 0, Incomplete: 0, Skipped: 0, Time elapsed: 0.01044 s
Testsuite: Phing\Test\Filter\LineContainsRegexpTest
Tests run: 3, Risky: 0, Warnings: 0, Failures: 0, Errors: 0, Incomplete: 0, Skipped: 0, Time elapsed: 0.03105 s
Testsuite: Phing\Test\Filter\LineContainsTest
Tests run: 3, Risky: 0, Warnings: 0, Failures: 0, Errors: 0, Incomplete: 0, Skipped: 0, Time elapsed: 0.03315 s
Testsuite: Phing\Test\Filter\PrefixLinesTest
Tests run: 1, Risky: 0, Warnings: 0, Failures: 0, Errors: 0, Incomplete: 0, Skipped: 0, Time elapsed: 0.01316 s
Testsuite: Phing\Test\Filter\ReplaceTokensWithFileTest
Tests run: 2, Risky: 0, Warnings: 0, Failures: 0, Errors: 0, Incomplete: 0, Skipped: 0, Time elapsed: 0.00501 s
Testsuite: Phing\Test\Filter\SortFilterTest
Tests run: 1, Risky: 0, Warnings: 0, Failures: 0, Errors: 0, Incomplete: 0, Skipped: 0, Time elapsed: 0.01053 s
Testsuite: Phing\Test\Filter\StripPhpCommentsTest
Tests run: 1, Risky: 0, Warnings: 0, Failures: 0, Errors: 0, Incomplete: 0, Skipped: 1, Time elapsed: 0.00099 s
testStripPhpComments SKIPPED
Testsuite: Phing\Test\Filter\StripWhitespaceTest
Tests run: 1, Risky: 0, Warnings: 0, Failures: 0, Errors: 0, Incomplete: 0, Skipped: 0, Time elapsed: 0.00355 s
Testsuite: Phing\Test\Filter\SuffixLinesTest
Tests run: 1, Risky: 0, Warnings: 0, Failures: 0, Errors: 0, Incomplete: 0, Skipped: 0, Time elapsed: 0.01438 s
Testsuite: Phing\Test\Filter\TailFilterTest
Tests run: 2, Risky: 0, Warnings: 0, Failures: 0, Errors: 0, Incomplete: 0, Skipped: 0, Time elapsed: 0.01995 s
Testsuite: Phing\Test\Input\ConsoleInputHandlerTest
Tests run: 3, Risky: 0, Warnings: 0, Failures: 0, Errors: 0, Incomplete: 0, Skipped: 0, Time elapsed: 0.03314 s
Testsuite: Phing\Test\Input\NoInteractionInputHandlerTest
Tests run: 3, Risky: 0, Warnings: 0, Failures: 0, Errors: 0, Incomplete: 0, Skipped: 0, Time elapsed: 0.00071 s
Testsuite: Phing\Test\IntrospectionHelperTest
Tests run: 4, Risky: 0, Warnings: 0, Failures: 0, Errors: 0, Incomplete: 0, Skipped: 0, Time elapsed: 0.00142 s
Testsuite: Phing\Test\Io\DirectoryScannerTest
Tests run: 18, Risky: 0, Warnings: 0, Failures: 0, Errors: 0, Incomplete: 0, Skipped: 0, Time elapsed: 0.08032 s
Testsuite: Phing\Test\Io\FileOutputStreamTest
Tests run: 2, Risky: 0, Warnings: 0, Failures: 0, Errors: 0, Incomplete: 0, Skipped: 0, Time elapsed: 0.00214 s
Testsuite: Phing\Test\Io\FileParserFactoryTest::testCreateParser
Tests run: 5, Risky: 0, Warnings: 0, Failures: 0, Errors: 0, Incomplete: 0, Skipped: 0, Time elapsed: 0.00103 s
Testsuite: Phing\Test\Io\FileParserFactoryTest
Tests run: 5, Risky: 0, Warnings: 0, Failures: 0, Errors: 0, Incomplete: 0, Skipped: 0, Time elapsed: 0.00111 s
Testsuite: Phing\Test\Io\FileSystemTest::testGetFileSystemReturnsCorrect
Tests run: 2, Risky: 0, Warnings: 0, Failures: 0, Errors: 0, Incomplete: 0, Skipped: 0, Time elapsed: 0.00063 s
Testsuite: Phing\Test\Io\FileSystemTest
Tests run: 7, Risky: 0, Warnings: 0, Failures: 0, Errors: 0, Incomplete: 0, Skipped: 0, Time elapsed: 0.00190 s
Testsuite: Phing\Test\Io\FileUtilsTest
Tests run: 2, Risky: 0, Warnings: 0, Failures: 0, Errors: 0, Incomplete: 0, Skipped: 0, Time elapsed: 0.00513 s
Testsuite: Phing\Test\Io\IniFileParserTest::testParseFile
Tests run: 11, Risky: 0, Warnings: 0, Failures: 0, Errors: 0, Incomplete: 0, Skipped: 0, Time elapsed: 0.01251 s
Testsuite: Phing\Test\Io\IniFileParserTest
Tests run: 12, Risky: 0, Warnings: 0, Failures: 0, Errors: 0, Incomplete: 0, Skipped: 0, Time elapsed: 0.01283 s
Testsuite: Phing\Test\Io\IniFileTokenReaderTest
Tests run: 1, Risky: 0, Warnings: 0, Failures: 0, Errors: 0, Incomplete: 0, Skipped: 0, Time elapsed: 0.00479 s
Testsuite: Phing\Test\Io\PhingFileTest
Tests run: 2, Risky: 0, Warnings: 0, Failures: 0, Errors: 0, Incomplete: 0, Skipped: 0, Time elapsed: 0.00040 s
Testsuite: Phing\Test\Io\UnixFileSystemTest
Tests run: 4, Risky: 0, Warnings: 0, Failures: 0, Errors: 0, Incomplete: 0, Skipped: 0, Time elapsed: 0.00052 s
Testsuite: Phing\Test\Io\WindowsFileSystemTest
Tests run: 10, Risky: 0, Warnings: 0, Failures: 0, Errors: 0, Incomplete: 0, Skipped: 10, Time elapsed: 0.00021 s
testGetSeparatorReturnsCorrect SKIPPED
testGetPathSeparatorReturnsCorrect SKIPPED
Phing\Test\Io\WindowsFileSystemTest::testNormalise SKIPPED
Phing\Test\Io\WindowsFileSystemTest::testPrefixLength SKIPPED
Phing\Test\Io\WindowsFileSystemTest::testResolve SKIPPED
Phing\Test\Io\WindowsFileSystemTest::testResolveFile SKIPPED
testResolveFileUnknownFile SKIPPED
testGetDefaultParent SKIPPED
Phing\Test\Io\WindowsFileSystemTest::testFromURIPath SKIPPED
Phing\Test\Io\WindowsFileSystemTest::testIsAbsolute SKIPPED
Testsuite: Phing\Test\Io\YamlFileParserTest
Tests run: 3, Risky: 0, Warnings: 0, Failures: 0, Errors: 0, Incomplete: 0, Skipped: 0, Time elapsed: 0.00984 s
Testsuite: Phing\Test\Listener\DefaultLoggerTest::testFormatTime
Tests run: 20, Risky: 0, Warnings: 0, Failures: 0, Errors: 0, Incomplete: 0, Skipped: 0, Time elapsed: 0.00306 s
Testsuite: Phing\Test\Listener\DefaultLoggerTest
Tests run: 24, Risky: 0, Warnings: 0, Failures: 0, Errors: 0, Incomplete: 0, Skipped: 0, Time elapsed: 0.00381 s
Testsuite: Phing\Test\Listener\EventObjectTest
Tests run: 2, Risky: 0, Warnings: 0, Failures: 0, Errors: 0, Incomplete: 0, Skipped: 0, Time elapsed: 0.00048 s
Testsuite: Phing\Test\Listener\MonologListenerTest
Tests run: 1, Risky: 0, Warnings: 0, Failures: 0, Errors: 0, Incomplete: 0, Skipped: 0, Time elapsed: 0.00376 s
Testsuite: Phing\Test\Listener\SilentLoggerTest
Tests run: 2, Risky: 0, Warnings: 0, Failures: 0, Errors: 0, Incomplete: 0, Skipped: 0, Time elapsed: 0.00069 s
Testsuite: Phing\Test\Listener\StatisticsListenerTest
Tests run: 1, Risky: 0, Warnings: 0, Failures: 0, Errors: 0, Incomplete: 0, Skipped: 0, Time elapsed: 0.00120 s
Testsuite: Phing\Test\Listener\TimestampedLoggerTest
Tests run: 1, Risky: 0, Warnings: 0, Failures: 0, Errors: 0, Incomplete: 0, Skipped: 0, Time elapsed: 0.00054 s
Testsuite: Phing\Test\Parser\LocationTest::location
Tests run: 2, Risky: 0, Warnings: 0, Failures: 0, Errors: 0, Incomplete: 0, Skipped: 0, Time elapsed: 0.00039 s
Testsuite: Phing\Test\Parser\LocationTest
Tests run: 2, Risky: 0, Warnings: 0, Failures: 0, Errors: 0, Incomplete: 0, Skipped: 0, Time elapsed: 0.00044 s
Testsuite: Phing\Test\PhingTest
Tests run: 8, Risky: 0, Warnings: 0, Failures: 0, Errors: 0, Incomplete: 0, Skipped: 0, Time elapsed: 0.04120 s
Testsuite: Phing\Test\PropertyHelperTest
Tests run: 2, Risky: 0, Warnings: 0, Failures: 0, Errors: 0, Incomplete: 0, Skipped: 0, Time elapsed: 0.00034 s
Testsuite: Phing\Test\Regression\AdhocTaskdefTaskTest
Tests run: 1, Risky: 0, Warnings: 0, Failures: 0, Errors: 0, Incomplete: 0, Skipped: 0, Time elapsed: 0.00422 s
Testsuite: Phing\Test\Regression\ConditionInProjectTagTest
Tests run: 1, Risky: 0, Warnings: 0, Failures: 0, Errors: 0, Incomplete: 0, Skipped: 0, Time elapsed: 0.00161 s
Testsuite: Phing\Test\Regression\CustomTaskFileSetTest
Tests run: 1, Risky: 0, Warnings: 0, Failures: 0, Errors: 0, Incomplete: 0, Skipped: 0, Time elapsed: 0.04414 s
Testsuite: Phing\Test\Regression\ExcludeZipTest
Tests run: 1, Risky: 0, Warnings: 0, Failures: 0, Errors: 1, Incomplete: 0, Skipped: 0, Time elapsed: 0.00914 s
testZipTask ERROR
Could not find file /Users/mrook/Projects/personal/phing/tests/etc/regression/137/test.zip to delete.
Testsuite: Phing\Test\Regression\FilesetFoldersTest
Tests run: 1, Risky: 0, Warnings: 0, Failures: 0, Errors: 0, Incomplete: 0, Skipped: 0, Time elapsed: 0.00497 s
Testsuite: Phing\Test\Regression\ForeachFileSetTest
Tests run: 1, Risky: 0, Warnings: 0, Failures: 0, Errors: 0, Incomplete: 0, Skipped: 0, Time elapsed: 0.00382 s
Testsuite: Phing\Test\Regression\HtmlEntitiesTest
Tests run: 1, Risky: 0, Warnings: 0, Failures: 0, Errors: 0, Incomplete: 0, Skipped: 0, Time elapsed: 0.00171 s
Testsuite: Phing\Test\Regression\MkdirTaskModeTest
Tests run: 1, Risky: 0, Warnings: 0, Failures: 0, Errors: 0, Incomplete: 0, Skipped: 0, Time elapsed: 0.00163 s
Testsuite: Phing\Test\Regression\PearPkg2CompatibilityTest
Tests run: 3, Risky: 0, Warnings: 0, Failures: 0, Errors: 0, Incomplete: 0, Skipped: 3, Time elapsed: 0.00396 s
testInactiveMaintainers SKIPPED
testActiveMaintainers SKIPPED
testNotSetMaintainers SKIPPED
Testsuite: Phing\Test\Regression\PearStyleNamingTest
Tests run: 1, Risky: 0, Warnings: 0, Failures: 0, Errors: 0, Incomplete: 0, Skipped: 0, Time elapsed: 0.00206 s
Testsuite: Phing\Test\Regression\PhingCallAdhocTest
Tests run: 1, Risky: 0, Warnings: 0, Failures: 0, Errors: 0, Incomplete: 0, Skipped: 0, Time elapsed: 0.00207 s
Testsuite: Phing\Test\Regression\PropertiesInIfTaskTest
Tests run: 1, Risky: 0, Warnings: 0, Failures: 0, Errors: 0, Incomplete: 0, Skipped: 0, Time elapsed: 0.00145 s
Testsuite: Phing\Test\Regression\PropertyCommentsTest
Tests run: 1, Risky: 0, Warnings: 0, Failures: 0, Errors: 0, Incomplete: 0, Skipped: 0, Time elapsed: 0.00180 s
Testsuite: Phing\Test\Regression\RecursivePropertyTest
Tests run: 1, Risky: 0, Warnings: 0, Failures: 0, Errors: 0, Incomplete: 0, Skipped: 0, Time elapsed: 0.00259 s
Testsuite: Phing\Test\Regression\ReplaceTokenBooleanTest
Tests run: 1, Risky: 0, Warnings: 0, Failures: 0, Errors: 0, Incomplete: 0, Skipped: 0, Time elapsed: 0.00229 s
Testsuite: Phing\Test\Regression\Ticket309RegressionTest
Tests run: 1, Risky: 0, Warnings: 0, Failures: 0, Errors: 0, Incomplete: 0, Skipped: 0, Time elapsed: 0.00357 s
Testsuite: Phing\Test\RuntimeConfigurableTest
Tests run: 1, Risky: 0, Warnings: 0, Failures: 0, Errors: 0, Incomplete: 0, Skipped: 0, Time elapsed: 0.00018 s
Testsuite: Phing\Test\TargetTest::testSetDependsValid
Tests run: 2, Risky: 0, Warnings: 0, Failures: 0, Errors: 0, Incomplete: 0, Skipped: 0, Time elapsed: 0.00182 s
Testsuite: Phing\Test\TargetTest::testSetDependsInvalid
Tests run: 2, Risky: 0, Warnings: 0, Failures: 0, Errors: 0, Incomplete: 0, Skipped: 0, Time elapsed: 0.00159 s
Testsuite: Phing\Test\TargetTest
Tests run: 13, Risky: 0, Warnings: 0, Failures: 0, Errors: 0, Incomplete: 0, Skipped: 0, Time elapsed: 0.16659 s
Testsuite: Phing\Test\Task\Ext\Analyzer\PHPMDTaskTest
Tests run: 3, Risky: 0, Warnings: 0, Failures: 0, Errors: 0, Incomplete: 0, Skipped: 3, Time elapsed: 0.00033 s
testReportText SKIPPED
testReportHtml SKIPPED
testReportXml SKIPPED
Testsuite: Phing\Test\Task\Ext\Analyzer\PHPStan\PHPStanAnalyseCommandBuilderTest
Tests run: 1, Risky: 0, Warnings: 0, Failures: 0, Errors: 0, Incomplete: 0, Skipped: 0, Time elapsed: 0.00052 s
Testsuite: Phing\Test\Task\Ext\Analyzer\PHPStan\PHPStanCommandBuilderFactoryTest
Tests run: 5, Risky: 0, Warnings: 0, Failures: 0, Errors: 0, Incomplete: 0, Skipped: 0, Time elapsed: 0.00057 s
Testsuite: Phing\Test\Task\Ext\Analyzer\PHPStan\PHPStanCommandBuilderTest
Tests run: 3, Risky: 0, Warnings: 0, Failures: 0, Errors: 0, Incomplete: 0, Skipped: 0, Time elapsed: 0.00033 s
Testsuite: Phing\Test\Task\Ext\Analyzer\PHPStan\PHPStanHelpCommandBuilderTest
Tests run: 1, Risky: 0, Warnings: 0, Failures: 0, Errors: 0, Incomplete: 0, Skipped: 0, Time elapsed: 0.00012 s
Testsuite: Phing\Test\Task\Ext\Analyzer\PHPStan\PHPStanListCommandBuilderTest
Tests run: 1, Risky: 0, Warnings: 0, Failures: 0, Errors: 0, Incomplete: 0, Skipped: 0, Time elapsed: 0.00012 s
Testsuite: Phing\Test\Task\Ext\Analyzer\PHPStan\PHPStanTaskTest
Tests run: 8, Risky: 0, Warnings: 0, Failures: 0, Errors: 0, Incomplete: 0, Skipped: 0, Time elapsed: 0.03775 s
Testsuite: Phing\Test\Task\Ext\Analyzer\PHPStan\PHPStanTaskUnitTest
Tests run: 1, Risky: 0, Warnings: 0, Failures: 0, Errors: 0, Incomplete: 0, Skipped: 0, Time elapsed: 0.00014 s
Testsuite: Phing\Test\Task\Ext\Analyzer\PhpCSTaskTest
Tests run: 6, Risky: 0, Warnings: 0, Failures: 0, Errors: 0, Incomplete: 0, Skipped: 0, Time elapsed: 0.22534 s
Testsuite: Phing\Test\Task\Ext\Analyzer\PhpDependTaskTest
Tests run: 2, Risky: 0, Warnings: 0, Failures: 0, Errors: 0, Incomplete: 0, Skipped: 2, Time elapsed: 0.00009 s
testLoggerSummary SKIPPED
testAnalyzer SKIPPED
Testsuite: Phing\Test\Task\Ext\Analyzer\SonarConfigurationFileParserTest
Tests run: 15, Risky: 0, Warnings: 0, Failures: 0, Errors: 0, Incomplete: 0, Skipped: 0, Time elapsed: 0.02203 s
Testsuite: Phing\Test\Task\Ext\Analyzer\SonarTaskTest
Tests run: 17, Risky: 0, Warnings: 0, Failures: 0, Errors: 0, Incomplete: 0, Skipped: 17, Time elapsed: 0.00017 s
testExecutableAttributeIsMissingThrowsException SKIPPED
testExecutableAttributeIsEmptyThrowsException SKIPPED
testExecutablePathDoesNotExistThrowsException SKIPPED
testExecutableFileIsNotExecutableThrowsException SKIPPED
testExecutableIsNotSonarScannerAndHasNoVersionStringThrowsException SKIPPED
testExecutableIsNotSonarScannerAndHasVersionStringThrowsException SKIPPED
testErrorsAttributeIsMissing SKIPPED
testErrorsAttributeIsEmpty SKIPPED
testErrorsValueIsInvalid SKIPPED
testDebugAttributeIsMissing SKIPPED
testDebugAttributeIsEmpty SKIPPED
testDebugValueIsInvalid SKIPPED
testConfigurationAttributeIsMissing SKIPPED
testConfigurationAttributeIsEmpty SKIPPED
testConfigurationPathDoesNotExist SKIPPED
testPropertyAttributesAreMissing SKIPPED
testPropertyNameIsMissing SKIPPED
Testsuite: Phing\Test\Task\Ext\Archive\ZipUnzipTaskTest
Tests run: 4, Risky: 0, Warnings: 0, Failures: 0, Errors: 0, Incomplete: 0, Skipped: 0, Time elapsed: 0.01240 s
Testsuite: Phing\Test\Task\Ext\DbDeploy\DbDeployTaskTest
Tests run: 1, Risky: 0, Warnings: 0, Failures: 0, Errors: 0, Incomplete: 0, Skipped: 0, Time elapsed: 0.01035 s
Testsuite: Phing\Test\Task\Ext\Git\GitArchiveTaskTest
Tests run: 4, Risky: 0, Warnings: 0, Failures: 0, Errors: 0, Incomplete: 0, Skipped: 4, Time elapsed: 0.00018 s
testGitArchive SKIPPED
testWrongRepository SKIPPED
testNoRepositorySpecified SKIPPED
testNoTreeishSpecified SKIPPED
Testsuite: Phing\Test\Task\Ext\Git\GitBaseTest
Tests run: 3, Risky: 0, Warnings: 0, Failures: 0, Errors: 0, Incomplete: 0, Skipped: 3, Time elapsed: 0.00006 s
testInitialization SKIPPED
testArguments SKIPPED
testMutators SKIPPED
Testsuite: Phing\Test\Task\Ext\Git\GitBranchTaskTest
Tests run: 12, Risky: 0, Warnings: 0, Failures: 0, Errors: 0, Incomplete: 0, Skipped: 12, Time elapsed: 0.00011 s
testAllParamsSet SKIPPED
testNoRepositorySpecified SKIPPED
testNoBranchnameSpecified SKIPPED
testTrackParameter SKIPPED
testNoTrackParameter SKIPPED
testSetUpstreamParameter SKIPPED
testForceParameter SKIPPED
testDeleteBranch SKIPPED
testMoveBranch SKIPPED
testForceMoveBranch SKIPPED
testForceMoveBranchNoNewbranch SKIPPED
testMoveBranchNoNewbranch SKIPPED
Testsuite: Phing\Test\Task\Ext\Git\GitCheckoutTaskTest
Tests run: 8, Risky: 0, Warnings: 0, Failures: 0, Errors: 0, Incomplete: 0, Skipped: 8, Time elapsed: 0.00008 s
testCheckoutExistingBranch SKIPPED
testCheckoutNonExistingBranch SKIPPED
testNoRepositorySpecified SKIPPED
testNoBranchnameSpecified SKIPPED
testCheckoutMerge SKIPPED
testCheckoutCreateBranch SKIPPED
testForceCheckoutCreateBranch SKIPPED
testForceCheckoutCreateBranchFailed SKIPPED
Testsuite: Phing\Test\Task\Ext\Git\GitCloneTaskTest
Tests run: 5, Risky: 0, Warnings: 0, Failures: 0, Errors: 0, Incomplete: 0, Skipped: 5, Time elapsed: 0.00006 s
testWrongRepository SKIPPED
testGitClone SKIPPED
testGitCloneBare SKIPPED
testNoRepositorySpecified SKIPPED
testNoTargetPathSpecified SKIPPED
Testsuite: Phing\Test\Task\Ext\Git\GitDescribeTaskTest
Tests run: 1, Risky: 0, Warnings: 0, Failures: 0, Errors: 0, Incomplete: 0, Skipped: 1, Time elapsed: 0.00004 s
testGitDescribeTask SKIPPED
Testsuite: Phing\Test\Task\Ext\Git\GitFetchTaskTest
Tests run: 5, Risky: 0, Warnings: 0, Failures: 0, Errors: 3, Incomplete: 0, Skipped: 0, Time elapsed: 0.09866 s
testAllParamsSet ERROR
Some errors in executing git command

Output:

Error:
error: option `single-branch' takes no value

testFetchAllRemotes ERROR
Some errors in executing git command

Output:

Error:
error: option `single-branch' takes no value

testRefspecSet ERROR
Some errors in executing git command

Output:

Error:
error: option `single-branch' takes no value

Testsuite: Phing\Test\Task\Ext\Git\GitGcTaskTest
Tests run: 6, Risky: 0, Warnings: 0, Failures: 0, Errors: 0, Incomplete: 0, Skipped: 6, Time elapsed: 0.00016 s
testAllParamsSet SKIPPED
testNoRepositorySpecified SKIPPED
testAutoParameter SKIPPED
testNoPruneParameter SKIPPED
testAggressiveParameter SKIPPED
testPruneParameter SKIPPED
Testsuite: Phing\Test\Task\Ext\Git\GitInitTaskTest
Tests run: 4, Risky: 0, Warnings: 0, Failures: 0, Errors: 0, Incomplete: 0, Skipped: 4, Time elapsed: 0.00007 s
testWrongRepository SKIPPED
testGitInit SKIPPED
testGitInitBare SKIPPED
testNoRepositorySpecified SKIPPED
Testsuite: Phing\Test\Task\Ext\Git\GitLogTaskTest
Tests run: 15, Risky: 0, Warnings: 0, Failures: 0, Errors: 0, Incomplete: 0, Skipped: 15, Time elapsed: 0.00012 s
testGitLogWithoutParams SKIPPED
testGitWithMostParams SKIPPED
testGitOutputPropertySet SKIPPED
testGitLogNameStatus SKIPPED
testGitDateRelative SKIPPED
testGitSinceUntilSet SKIPPED
testGitBeforeAfterSet SKIPPED
testGitFormatOneLine SKIPPED
testGitFormatShort SKIPPED
testGitFormatMedium SKIPPED
testGitFormatFull SKIPPED
testGitFormatFuller SKIPPED
testGitFormatEmail SKIPPED
testGitFormatCustom SKIPPED
testNoRepositorySpecified SKIPPED
Testsuite: Phing\Test\Task\Ext\Git\GitMergeTaskTest
Tests run: 7, Risky: 0, Warnings: 0, Failures: 0, Errors: 0, Incomplete: 0, Skipped: 7, Time elapsed: 0.00008 s
testAllParamsSet SKIPPED
testNoCommitSet SKIPPED
testRemoteSet SKIPPED
testFastForwardCommitSet SKIPPED
testNoRepositorySpecified SKIPPED
testNoRemotesSpecified SKIPPED
testWrongStrategySet SKIPPED
Testsuite: Phing\Test\Task\Ext\Git\GitPullTaskTest
Tests run: 9, Risky: 0, Warnings: 0, Failures: 0, Errors: 0, Incomplete: 0, Skipped: 9, Time elapsed: 0.00008 s
testAllParamsSet SKIPPED
testAllParamsSetRebase SKIPPED
testAllReposSet SKIPPED
testTagsSet SKIPPED
testAppendSet SKIPPED
testNoTagsSet SKIPPED
testNoRepositorySpecified SKIPPED
testNoSourceSpecified SKIPPED
testWrongStrategySet SKIPPED
Testsuite: Phing\Test\Task\Ext\Git\GitPushTaskTest
Tests run: 8, Risky: 0, Warnings: 0, Failures: 0, Errors: 0, Incomplete: 0, Skipped: 8, Time elapsed: 0.00009 s
testAllParamsSet SKIPPED
testAllReposSet SKIPPED
testTagsSet SKIPPED
testDeleteSet SKIPPED
testMirrorSet SKIPPED
testNoRepositorySpecified SKIPPED
testWrongRepo SKIPPED
testNoDestinationSpecified SKIPPED
Testsuite: Phing\Test\Task\Ext\Git\GitTagTaskTest
Tests run: 15, Risky: 0, Warnings: 0, Failures: 0, Errors: 0, Incomplete: 0, Skipped: 15, Time elapsed: 0.00013 s
testGitTagCreate SKIPPED
testGitTagReplaceCreateDuplicate SKIPPED
testGitTagForceCreateDuplicate SKIPPED
testGitTagCreateDuplicate SKIPPED
testTagCreateAnnotatedNoMessage SKIPPED
testTagCreateAnnotated SKIPPED
testTagCreateAnnotatedImplicit SKIPPED
testTagDelete SKIPPED
testTagListByPattern SKIPPED
testTagOutputPropertySet SKIPPED
testTagWithCommitSet SKIPPED
testTagWithObjectSet SKIPPED
testTagCreateSignedDefaultKey SKIPPED
testTagFileSet SKIPPED
testNoRepositorySpecified SKIPPED
Testsuite: Phing\Test\Task\Ext\Hg\HgAddTaskTest
Tests run: 1, Risky: 0, Warnings: 0, Failures: 0, Errors: 0, Incomplete: 0, Skipped: 0, Time elapsed: 0.00609 s
Testsuite: Phing\Test\Task\Ext\Hg\HgArchiveTaskTest
Tests run: 1, Risky: 0, Warnings: 0, Failures: 0, Errors: 0, Incomplete: 0, Skipped: 0, Time elapsed: 0.00247 s
Testsuite: Phing\Test\Task\Ext\Hg\HgCloneTaskTest
Tests run: 3, Risky: 0, Warnings: 0, Failures: 0, Errors: 0, Incomplete: 0, Skipped: 1, Time elapsed: 0.00955 s
testWrongRepository SKIPPED
Testsuite: Phing\Test\Task\Ext\Hg\HgCommitTaskTest
Tests run: 2, Risky: 0, Warnings: 0, Failures: 0, Errors: 0, Incomplete: 0, Skipped: 0, Time elapsed: 0.00414 s
Testsuite: Phing\Test\Task\Ext\Hg\HgInitTaskTest
Tests run: 2, Risky: 0, Warnings: 0, Failures: 0, Errors: 0, Incomplete: 0, Skipped: 1, Time elapsed: 0.00960 s
testHgInit SKIPPED
Testsuite: Phing\Test\Task\Ext\Hg\HgLogTaskTest
Tests run: 2, Risky: 0, Warnings: 0, Failures: 0, Errors: 0, Incomplete: 0, Skipped: 0, Time elapsed: 0.00377 s
Testsuite: Phing\Test\Task\Ext\Hg\HgPullTaskTest
Tests run: 2, Risky: 0, Warnings: 0, Failures: 0, Errors: 0, Incomplete: 0, Skipped: 1, Time elapsed: 0.00758 s
testWrongRepository SKIPPED
Testsuite: Phing\Test\Task\Ext\Hg\HgPushTaskTest
Tests run: 2, Risky: 0, Warnings: 0, Failures: 0, Errors: 0, Incomplete: 0, Skipped: 1, Time elapsed: 0.00692 s
testWrongRepository SKIPPED
Testsuite: Phing\Test\Task\Ext\Hg\HgRevertTaskTest
Tests run: 3, Risky: 0, Warnings: 0, Failures: 0, Errors: 0, Incomplete: 0, Skipped: 3, Time elapsed: 0.01071 s
testFileNotSpecified SKIPPED
testRevertAll SKIPPED
testRevertAllRevSet SKIPPED
Testsuite: Phing\Test\Task\Ext\Hg\HgTagTaskTest
Tests run: 2, Risky: 0, Warnings: 0, Failures: 0, Errors: 0, Incomplete: 0, Skipped: 1, Time elapsed: 0.00797 s
testRevision SKIPPED
Testsuite: Phing\Test\Task\Ext\Hg\HgUpdateTaskTest
Tests run: 2, Risky: 0, Warnings: 0, Failures: 0, Errors: 0, Incomplete: 0, Skipped: 1, Time elapsed: 0.00764 s
testWrongRepository SKIPPED
Testsuite: Phing\Test\Task\Ext\Http\HttpGetTaskTest
Tests run: 9, Risky: 0, Warnings: 0, Failures: 0, Errors: 1, Incomplete: 0, Skipped: 0, Time elapsed: 0.08097 s
testExplicitConfiguration ERROR
Undefined array key 0
Testsuite: Phing\Test\Task\Ext\Http\HttpRequestTaskTest
Tests run: 8, Risky: 0, Warnings: 0, Failures: 0, Errors: 0, Incomplete: 0, Skipped: 0, Time elapsed: 0.01196 s
Testsuite: Phing\Test\Task\Ext\PhpUnit\PHPUnitTaskTest
Tests run: 5, Risky: 0, Warnings: 0, Failures: 1, Errors: 1, Incomplete: 0, Skipped: 0, Time elapsed: 0.03195 s
testPlainFormatterDataProvider ERROR
Test(s) failed: Test FAILURE (testSimplefail in class provider_failTest /Users/mrook/Projects/personal/phing/vendor/phpunit/phpunit/src/Framework/Constraint/Constraint.php on line 122): Failed asserting that true is false.
testXmlFormatter FAILED
Expected to find '<testcase name="testSayHello" class="HelloWorldTest"' in logs: array (
  0 => '[msg="Build sequence for target \'testXmlFormatter\' is: testXmlFormatter ",priority=3]',
  1 => '[msg="Complete build sequence is: testXmlFormatter  testPlainFormatterDataProvider testAutoloader1 testAutoloader2 testDoubleAutoloader testShouldNotIgnoreFailuresAfterError testExcludeGroups ",priority=3]',
  2 => '[msg="Phing\\Listener\\BuildEvent[source=testXmlFormatter]",priority=4]',
  3 => '[msg="Phing\\Listener\\BuildEvent[source=Phing\\UnknownElement]",priority=4]',
  4 => '[msg="  +Task: phpunit",priority=4]',
  5 => '[msg="    -calling setter Phing\\Task\\Ext\\PhpUnit\\PHPUnitTask::setHaltonerror()",priority=4]',
  6 => '[msg="    -calling setter Phing\\Task\\Ext\\PhpUnit\\PHPUnitTask::setHaltonfailure()",priority=4]',
  7 => '[msg="    -calling setter Phing\\Task\\Ext\\PhpUnit\\PHPUnitTask::setPrintsummary()",priority=4]',
  8 => '[msg="    -calling adder Phing\\Task\\Ext\\PhpUnit\\PHPUnitTask::addFormatter()",priority=4]',
  9 => '[msg="    -calling setter Phing\\Task\\Ext\\PhpUnit\\FormatterElement::setType()",priority=4]',
  10 => '[msg="    -calling setter Phing\\Task\\Ext\\PhpUnit\\FormatterElement::setUseFile()",priority=4]',
  11 => '[msg="    -calling adder Phing\\Task\\Ext\\PhpUnit\\PHPUnitTask::addFormatter()",priority=4]',
  12 => '[msg="    -calling setter Phing\\Task\\Ext\\PhpUnit\\FormatterElement::setType()",priority=4]',
  13 => '[msg="    -calling setter Phing\\Task\\Ext\\PhpUnit\\FormatterElement::setUseFile()",priority=4]',
  14 => '[msg="    -calling creator Phing\\Task\\Ext\\PhpUnit\\PHPUnitTask::createBatchTest()",priority=4]',
  15 => '[msg="    -calling adder Phing\\Task\\Ext\\PhpUnit\\BatchTest::addFileSet()",priority=4]',
  16 => '[msg="    -calling setter Phing\\Type\\AbstractFileSet::setDir()",priority=4]',
  17 => '[msg="    -calling creator Phing\\Type\\AbstractFileSet::createInclude()",priority=4]',
  18 => '[msg="    -calling setter Phing\\Type\\PatternSetNameEntry::setName()",priority=4]',
  19 => '[msg="FileSet: Setup file scanner in dir tests with patternSet{ includes: HelloWorldTest.php  excludes: empty }",priority=4]',
  20 => '[msg="(PHPUnit) Adding HelloWorldTest (from tests/HelloWorldTest.php) to tests.",priority=4]',
  21 => '[msg="Total tests run: 1, Risky: 0, Warnings: 0, Failures: 0, Errors: 0, Incomplete: 0, Skipped: 0, Time elapsed: 0.00033 s",priority=2]',
  22 => '[msg="Phing\\Listener\\BuildEvent[source=Phing\\UnknownElement]",priority=4]',
  23 => '[msg="Phing\\Listener\\BuildEvent[source=testXmlFormatter]",priority=4]',
)
Testsuite: Phing\Test\Task\Ext\Sass\SassCompilerTest
Tests run: 3, Risky: 0, Warnings: 0, Failures: 0, Errors: 0, Incomplete: 0, Skipped: 3, Time elapsed: 0.00072 s
testItProducesAnyCompiledOutput SKIPPED
testItNotProducesAnyCompiledOutputWhenNoInput SKIPPED
testItThrowsExceptionWhenFailOnErrorIsSet SKIPPED
Testsuite: Phing\Test\Task\Ext\Sass\SassTaskAcceptanceTest
Tests run: 5, Risky: 0, Warnings: 0, Failures: 0, Errors: 0, Incomplete: 0, Skipped: 1, Time elapsed: 0.04585 s
testItCompilesWithSass SKIPPED
Testsuite: Phing\Test\Task\Ext\Sass\SassTaskCompilerFactoryTest
Tests run: 4, Risky: 0, Warnings: 0, Failures: 0, Errors: 0, Incomplete: 0, Skipped: 0, Time elapsed: 0.00107 s
Testsuite: Phing\Test\Task\Ext\Sass\SassTaskUnitTest
Tests run: 5, Risky: 0, Warnings: 0, Failures: 0, Errors: 0, Incomplete: 0, Skipped: 0, Time elapsed: 0.00094 s
Testsuite: Phing\Test\Task\Ext\Sass\ScssPhpCompilerTest
Tests run: 3, Risky: 0, Warnings: 0, Failures: 0, Errors: 0, Incomplete: 0, Skipped: 0, Time elapsed: 0.00232 s
Testsuite: Phing\Test\Task\Ext\Visualizer\VisualizerTaskTest
Tests run: 7, Risky: 0, Warnings: 0, Failures: 0, Errors: 0, Incomplete: 0, Skipped: 0, Time elapsed: 0.03753 s
Testsuite: Phing\Test\Task\Optional\ArgTest
Tests run: 8, Risky: 0, Warnings: 0, Failures: 0, Errors: 0, Incomplete: 0, Skipped: 0, Time elapsed: 0.00132 s
Testsuite: Phing\Test\Task\Optional\ComposerTaskTest
Tests run: 7, Risky: 0, Warnings: 0, Failures: 0, Errors: 0, Incomplete: 0, Skipped: 0, Time elapsed: 0.00108 s
Testsuite: Phing\Test\Task\Optional\CoverageMergeTest
Tests run: 1, Risky: 0, Warnings: 0, Failures: 0, Errors: 0, Incomplete: 0, Skipped: 1, Time elapsed: 0.00005 s
testCoverage SKIPPED
Testsuite: Phing\Test\Task\Optional\FileSyncTaskTest
Tests run: 4, Risky: 0, Warnings: 0, Failures: 0, Errors: 0, Incomplete: 0, Skipped: 0, Time elapsed: 0.00786 s
Testsuite: Phing\Test\Task\Optional\GrowlNotifyTaskErrorTest
Tests run: 6, Risky: 0, Warnings: 0, Failures: 0, Errors: 0, Incomplete: 0, Skipped: 0, Time elapsed: 0.01594 s
Testsuite: Phing\Test\Task\Optional\GrowlNotifyTaskTest
Tests run: 9, Risky: 0, Warnings: 0, Failures: 0, Errors: 0, Incomplete: 0, Skipped: 0, Time elapsed: 0.01059 s
Testsuite: Phing\Test\Task\Optional\IniFileTaskTest
Tests run: 9, Risky: 0, Warnings: 0, Failures: 0, Errors: 0, Incomplete: 0, Skipped: 0, Time elapsed: 0.01936 s
Testsuite: Phing\Test\Task\Optional\NotifySendTaskTest
Tests run: 5, Risky: 0, Warnings: 0, Failures: 0, Errors: 0, Incomplete: 0, Skipped: 0, Time elapsed: 0.00572 s
Testsuite: Phing\Test\Task\Optional\OpenTaskTest
Tests run: 3, Risky: 0, Warnings: 0, Failures: 0, Errors: 0, Incomplete: 0, Skipped: 0, Time elapsed: 0.01289 s
Testsuite: Phing\Test\Task\Optional\PDODelimitersTest
Tests run: 3, Risky: 0, Warnings: 0, Failures: 0, Errors: 0, Incomplete: 0, Skipped: 0, Time elapsed: 0.00863 s
Testsuite: Phing\Test\Task\Optional\PDOTaskTest
Tests run: 10, Risky: 0, Warnings: 0, Failures: 0, Errors: 0, Incomplete: 0, Skipped: 0, Time elapsed: 0.04587 s
Testsuite: Phing\Test\Task\Optional\PatchTaskTest
Tests run: 1, Risky: 0, Warnings: 0, Failures: 0, Errors: 0, Incomplete: 0, Skipped: 0, Time elapsed: 0.06272 s
Testsuite: Phing\Test\Task\Optional\RSTTaskMultipleMappersTest
Tests run: 1, Risky: 0, Warnings: 0, Failures: 0, Errors: 0, Incomplete: 0, Skipped: 0, Time elapsed: 0.02273 s
Testsuite: Phing\Test\Task\Optional\RSTTaskTest
Tests run: 24, Risky: 0, Warnings: 0, Failures: 0, Errors: 0, Incomplete: 0, Skipped: 24, Time elapsed: 0.03953 s
testGetToolPathFail SKIPPED
testGetToolPathCustom SKIPPED
testSetToolpathNotExisting SKIPPED
testSetToolpathNonExecutable SKIPPED
testGetToolPathHtmlFormat SKIPPED
testSingleFileParameterFile SKIPPED
testSingleFileParameterFileNoExt SKIPPED
testSingleFileParameterFileFormat SKIPPED
testSingleFileInvalidParameterFormat SKIPPED
testSingleFileParameterFileFormatDestination SKIPPED
testParameterDestinationAsDirectory SKIPPED
testParameterDestinationDirectoryWithFileset SKIPPED
testParameterDestinationDirectoryWithFilesetDot SKIPPED
testParameterUptodate SKIPPED
testDirectoryCreation SKIPPED
testBrokenFile SKIPPED
testMissingFiles SKIPPED
testMultiple SKIPPED
testMultipleDir SKIPPED
testMultipleDirWildcard SKIPPED
testMultipleMapper SKIPPED
testNotMatchingMapper SKIPPED
testFilterChain SKIPPED
testCustomParameter SKIPPED
Testsuite: Phing\Test\Task\Optional\StopwatchTaskTest
Tests run: 2, Risky: 0, Warnings: 0, Failures: 0, Errors: 0, Incomplete: 0, Skipped: 0, Time elapsed: 0.03148 s
Testsuite: Phing\Test\Task\Optional\SymfonyConsoleTest
Tests run: 9, Risky: 0, Warnings: 0, Failures: 0, Errors: 0, Incomplete: 0, Skipped: 0, Time elapsed: 0.00194 s
Testsuite: Phing\Test\Task\Optional\WikiPublishTaskTest
Tests run: 2, Risky: 0, Warnings: 0, Failures: 0, Errors: 0, Incomplete: 0, Skipped: 0, Time elapsed: 0.00093 s
Testsuite: Phing\Test\Task\System\AppendTaskTest
Tests run: 16, Risky: 0, Warnings: 0, Failures: 0, Errors: 0, Incomplete: 0, Skipped: 0, Time elapsed: 0.05112 s
Testsuite: Phing\Test\Task\System\ApplyTaskTest
Tests run: 37, Risky: 0, Warnings: 0, Failures: 0, Errors: 0, Incomplete: 0, Skipped: 0, Time elapsed: 0.23061 s
Testsuite: Phing\Test\Task\System\AttribTaskTest
Tests run: 1, Risky: 0, Warnings: 0, Failures: 0, Errors: 0, Incomplete: 0, Skipped: 1, Time elapsed: 0.00010 s
testAttrib SKIPPED
Testsuite: Phing\Test\Task\System\AugmentTest
Tests run: 6, Risky: 0, Warnings: 0, Failures: 0, Errors: 0, Incomplete: 0, Skipped: 0, Time elapsed: 0.02737 s
Testsuite: Phing\Test\Task\System\AutoloaderTaskTest
Tests run: 2, Risky: 0, Warnings: 0, Failures: 0, Errors: 0, Incomplete: 0, Skipped: 0, Time elapsed: 0.00515 s
Testsuite: Phing\Test\Task\System\AvailableTaskTest
Tests run: 6, Risky: 0, Warnings: 0, Failures: 0, Errors: 0, Incomplete: 0, Skipped: 0, Time elapsed: 0.01272 s
Testsuite: Phing\Test\Task\System\BasenameTest
Tests run: 9, Risky: 0, Warnings: 0, Failures: 0, Errors: 0, Incomplete: 0, Skipped: 0, Time elapsed: 0.01308 s
Testsuite: Phing\Test\Task\System\BindTargetsTest
Tests run: 1, Risky: 0, Warnings: 0, Failures: 0, Errors: 0, Incomplete: 0, Skipped: 0, Time elapsed: 0.00166 s
Testsuite: Phing\Test\Task\System\BlockForTaskTest
Tests run: 2, Risky: 0, Warnings: 0, Failures: 0, Errors: 0, Incomplete: 0, Skipped: 0, Time elapsed: 1.01353 s
Testsuite: Phing\Test\Task\System\ChmodTaskTest
Tests run: 3, Risky: 0, Warnings: 0, Failures: 0, Errors: 0, Incomplete: 0, Skipped: 0, Time elapsed: 0.02457 s
Testsuite: Phing\Test\Task\System\ChownTaskTest
Tests run: 1, Risky: 0, Warnings: 0, Failures: 0, Errors: 0, Incomplete: 0, Skipped: 1, Time elapsed: 0.00778 s
testChangeGroup SKIPPED
Testsuite: Phing\Test\Task\System\Condition\ContainsConditionTest
Tests run: 1, Risky: 0, Warnings: 0, Failures: 0, Errors: 0, Incomplete: 0, Skipped: 0, Time elapsed: 0.00043 s
Testsuite: Phing\Test\Task\System\Condition\EqualsConditionTest
Tests run: 2, Risky: 0, Warnings: 0, Failures: 0, Errors: 0, Incomplete: 0, Skipped: 0, Time elapsed: 0.00034 s
Testsuite: Phing\Test\Task\System\Condition\FilesMatchTest
Tests run: 3, Risky: 0, Warnings: 0, Failures: 0, Errors: 0, Incomplete: 0, Skipped: 0, Time elapsed: 0.00714 s
Testsuite: Phing\Task\System\Condition\HasFreeSpaceConditionTest
Tests run: 5, Risky: 0, Warnings: 0, Failures: 0, Errors: 0, Incomplete: 0, Skipped: 0, Time elapsed: 0.00810 s
Testsuite: Phing\Test\Task\System\Condition\IsFailureTest
Tests run: 2, Risky: 0, Warnings: 0, Failures: 0, Errors: 0, Incomplete: 0, Skipped: 0, Time elapsed: 0.00802 s
Testsuite: Phing\Test\Task\System\Condition\IsFileSelectedTest
Tests run: 2, Risky: 0, Warnings: 0, Failures: 0, Errors: 0, Incomplete: 0, Skipped: 0, Time elapsed: 0.00368 s
Testsuite: Phing\Test\Task\System\Condition\IsPropertyFalseConditionTest
Tests run: 2, Risky: 0, Warnings: 0, Failures: 0, Errors: 0, Incomplete: 0, Skipped: 0, Time elapsed: 0.00303 s
Testsuite: Phing\Test\Task\System\Condition\IsPropertyTrueConditionTest
Tests run: 2, Risky: 0, Warnings: 0, Failures: 0, Errors: 0, Incomplete: 0, Skipped: 0, Time elapsed: 0.00269 s
Testsuite: Phing\Test\Task\System\Condition\PDOSQLExecTaskConditionTest
Tests run: 6, Risky: 0, Warnings: 0, Failures: 0, Errors: 0, Incomplete: 0, Skipped: 0, Time elapsed: 0.77225 s
Testsuite: Phing\Test\Task\System\Condition\PhingVersionTest
Tests run: 5, Risky: 0, Warnings: 0, Failures: 0, Errors: 0, Incomplete: 0, Skipped: 0, Time elapsed: 0.25180 s
Testsuite: Phing\Test\Task\System\Condition\SocketConditionTest
Tests run: 1, Risky: 0, Warnings: 0, Failures: 0, Errors: 0, Incomplete: 0, Skipped: 0, Time elapsed: 0.00835 s
Testsuite: Phing\Test\Task\System\Condition\VersionCompareConditionTest
Tests run: 6, Risky: 0, Warnings: 0, Failures: 0, Errors: 0, Incomplete: 0, Skipped: 0, Time elapsed: 0.00096 s
Testsuite: Phing\Test\Task\System\Condition\XorConditionTest
Tests run: 7, Risky: 0, Warnings: 0, Failures: 0, Errors: 0, Incomplete: 0, Skipped: 0, Time elapsed: 0.01102 s
Testsuite: Phing\Test\Task\System\ConditionTaskTest
Tests run: 8, Risky: 0, Warnings: 0, Failures: 1, Errors: 0, Incomplete: 0, Skipped: 0, Time elapsed: 0.01622 s
testEquals FAILED
property isEquals
Failed asserting that null matches expected 'true'.
Testsuite: Phing\Test\Task\System\CopyTaskTest
Tests run: 6, Risky: 0, Warnings: 0, Failures: 1, Errors: 0, Incomplete: 0, Skipped: 0, Time elapsed: 0.05992 s
testGranularity FAILED
Expected to find 'Test omitted, Test is up to date' in logs: array (
  0 => '[msg="Build sequence for target \'testGranularity\' is: testGranularity ",priority=3]',
  1 => '[msg="Complete build sequence is: testGranularity  setup clean testCopyDanglingSymlink testCopySymlinkPreserveLastModifiedShouldCopyTarget testCopyFileList testCopyDirSet testOverwriteExistingSymlink main ",priority=3]',
  2 => '[msg="Phing\\Listener\\BuildEvent[source=testGranularity]",priority=4]',
  3 => '[msg="Phing\\Listener\\BuildEvent[source=Phing\\UnknownElement]",priority=4]',
  4 => '[msg="  +Task: touch",priority=4]',
  5 => '[msg="    -calling setter Phing\\Task\\System\\TouchTask::setMkdirs()",priority=4]',
  6 => '[msg="Property ${tmp.dir} => tmp",priority=3]',
  7 => '[msg="    -calling setter Phing\\Task\\System\\TouchTask::setFile()",priority=4]',
  8 => '[msg="    -calling setter Phing\\Task\\System\\TouchTask::setDatetime()",priority=4]',
  9 => '[msg="Setting seconds to 1685479669 from datetime attribute",priority=3]',
  10 => '[msg="Creating /Users/mrook/Projects/personal/phing/tests/etc/tasks/system/tmp/copysrcs/Test",priority=2]',
  11 => '[msg="Phing\\Listener\\BuildEvent[source=Phing\\UnknownElement]",priority=4]',
  12 => '[msg="Phing\\Listener\\BuildEvent[source=Phing\\UnknownElement]",priority=4]',
  13 => '[msg="  +Task: touch",priority=4]',
  14 => '[msg="    -calling setter Phing\\Task\\System\\TouchTask::setMkdirs()",priority=4]',
  15 => '[msg="Property ${tmp.dir} => tmp",priority=3]',
  16 => '[msg="    -calling setter Phing\\Task\\System\\TouchTask::setFile()",priority=4]',
  17 => '[msg="    -calling setter Phing\\Task\\System\\TouchTask::setDatetime()",priority=4]',
  18 => '[msg="Setting seconds to 1654030069 from datetime attribute",priority=3]',
  19 => '[msg="Creating /Users/mrook/Projects/personal/phing/tests/etc/tasks/system/tmp/copydest/Test",priority=2]',
  20 => '[msg="Phing\\Listener\\BuildEvent[source=Phing\\UnknownElement]",priority=4]',
  21 => '[msg="Phing\\Listener\\BuildEvent[source=Phing\\UnknownElement]",priority=4]',
  22 => '[msg="  +Task: copy",priority=4]',
  23 => '[msg="Property ${tmp.dir} => tmp",priority=3]',
  24 => '[msg="    -calling setter Phing\\Task\\System\\CopyTask::setFile()",priority=4]',
  25 => '[msg="Property ${tmp.dir} => tmp",priority=3]',
  26 => '[msg="    -calling setter Phing\\Task\\System\\CopyTask::setTodir()",priority=4]',
  27 => '[msg="    -calling setter Phing\\Task\\System\\CopyTask::setGranularity()",priority=4]',
  28 => '[msg="    -calling setter Phing\\Task\\System\\CopyTask::setOverwrite()",priority=4]',
  29 => '[msg="Copying 1 file to /Users/mrook/Projects/personal/phing/tests/etc/tasks/system/tmp/copydest",priority=2]',
  30 => '[msg="From /Users/mrook/Projects/personal/phing/tests/etc/tasks/system/tmp/copysrcs/Test to /Users/mrook/Projects/personal/phing/tests/etc/tasks/system/tmp/copydest/Test",priority=3]',
  31 => '[msg="Phing\\Listener\\BuildEvent[source=Phing\\UnknownElement]",priority=4]',
  32 => '[msg="Phing\\Listener\\BuildEvent[source=testGranularity]",priority=4]',
)
Testsuite: Phing\Test\Task\System\DefaultExcludesTest
Tests run: 6, Risky: 0, Warnings: 0, Failures: 1, Errors: 0, Incomplete: 0, Skipped: 0, Time elapsed: 0.04472 s
testCopyExplicitNoExcludes FAILED
Failed asserting that file "defaultexcludestest/.svn/entries" exists.
Testsuite: Phing\Test\Task\System\DeleteTaskTest
Tests run: 4, Risky: 0, Warnings: 0, Failures: 0, Errors: 0, Incomplete: 0, Skipped: 0, Time elapsed: 0.01845 s
Testsuite: Phing\Test\Task\System\DependSetTest
Tests run: 5, Risky: 0, Warnings: 0, Failures: 0, Errors: 0, Incomplete: 0, Skipped: 0, Time elapsed: 3.01724 s
Testsuite: Phing\Test\Task\System\DirnameTest
Tests run: 1, Risky: 0, Warnings: 0, Failures: 0, Errors: 0, Incomplete: 0, Skipped: 0, Time elapsed: 0.00602 s
Testsuite: Phing\Test\Task\System\DispatchTaskTest
Tests run: 1, Risky: 0, Warnings: 0, Failures: 0, Errors: 0, Incomplete: 0, Skipped: 0, Time elapsed: 0.00565 s
Testsuite: Phing\Test\Task\System\DynamicTest
Tests run: 1, Risky: 0, Warnings: 0, Failures: 0, Errors: 0, Incomplete: 0, Skipped: 0, Time elapsed: 0.00327 s
Testsuite: Phing\Test\Task\System\EchoPropertiesTest
Tests run: 1, Risky: 0, Warnings: 0, Failures: 0, Errors: 0, Incomplete: 0, Skipped: 0, Time elapsed: 0.00264 s
Testsuite: Phing\Test\Task\System\EchoTaskTest
Tests run: 7, Risky: 0, Warnings: 0, Failures: 0, Errors: 0, Incomplete: 0, Skipped: 0, Time elapsed: 0.09506 s
Testsuite: Phing\Test\Task\System\EchoXMLTest
Tests run: 2, Risky: 0, Warnings: 0, Failures: 0, Errors: 0, Incomplete: 0, Skipped: 0, Time elapsed: 0.00454 s
Testsuite: Phing\Test\Task\System\ElseIfTaskTest
Tests run: 4, Risky: 0, Warnings: 0, Failures: 0, Errors: 0, Incomplete: 0, Skipped: 0, Time elapsed: 0.00456 s
Testsuite: Phing\Test\Task\System\ExecTaskTest
Tests run: 40, Risky: 0, Warnings: 0, Failures: 0, Errors: 0, Incomplete: 0, Skipped: 0, Time elapsed: 0.22764 s
Testsuite: Phing\Test\Task\System\FailTaskTest
Tests run: 2, Risky: 0, Warnings: 0, Failures: 0, Errors: 0, Incomplete: 0, Skipped: 0, Time elapsed: 0.00338 s
Testsuite: Phing\Test\Task\System\FileHashTaskTest
Tests run: 3, Risky: 0, Warnings: 0, Failures: 0, Errors: 0, Incomplete: 0, Skipped: 0, Time elapsed: 0.00646 s
Testsuite: Phing\Test\Task\System\FileSizeTaskTest::testUnitAttribute
Tests run: 8, Risky: 0, Warnings: 0, Failures: 0, Errors: 0, Incomplete: 0, Skipped: 0, Time elapsed: 0.01204 s
Testsuite: Phing\Test\Task\System\FileSizeTaskTest
Tests run: 15, Risky: 0, Warnings: 0, Failures: 0, Errors: 0, Incomplete: 0, Skipped: 0, Time elapsed: 0.03560 s
Testsuite: Phing\Test\Task\System\ForeachTaskTest
Tests run: 9, Risky: 0, Warnings: 0, Failures: 0, Errors: 0, Incomplete: 0, Skipped: 0, Time elapsed: 0.14338 s
Testsuite: Phing\Test\Task\System\IfTaskTest
Tests run: 6, Risky: 0, Warnings: 0, Failures: 0, Errors: 0, Incomplete: 0, Skipped: 0, Time elapsed: 0.01142 s
Testsuite: Phing\Test\Task\System\ImportTaskTest
Tests run: 7, Risky: 0, Warnings: 0, Failures: 0, Errors: 0, Incomplete: 0, Skipped: 0, Time elapsed: 0.02296 s
Testsuite: Phing\Test\Task\System\LoadFileTaskTest
Tests run: 2, Risky: 0, Warnings: 0, Failures: 0, Errors: 0, Incomplete: 0, Skipped: 0, Time elapsed: 0.00647 s
Testsuite: Phing\Test\Task\System\ManifestTaskTest
Tests run: 1, Risky: 0, Warnings: 0, Failures: 0, Errors: 0, Incomplete: 0, Skipped: 0, Time elapsed: 0.00847 s
Testsuite: Phing\Test\Task\System\MkdirTaskTest::testUmaskIsHonouredWhenNotUsingModeArgument
Tests run: 3, Risky: 0, Warnings: 0, Failures: 0, Errors: 0, Incomplete: 0, Skipped: 0, Time elapsed: 0.02088 s
Testsuite: Phing\Test\Task\System\MkdirTaskTest::testParentDirectoriesHaveDefaultPermissions
Tests run: 2, Risky: 0, Warnings: 0, Failures: 0, Errors: 0, Incomplete: 0, Skipped: 0, Time elapsed: 0.01812 s
Testsuite: Phing\Test\Task\System\MkdirTaskTest
Tests run: 9, Risky: 0, Warnings: 0, Failures: 0, Errors: 0, Incomplete: 0, Skipped: 3, Time elapsed: 0.09204 s
testAclIsInheritedFromParentDirectoryDefaultAcl SKIPPED
testUmaskIsIgnoredWhenAclIsUsedAndTaskDoesNotHaveModeArgument SKIPPED
testUmaskIsIgnoredWhenAclIsUsedAndTaskHasModeArgument SKIPPED
Testsuite: Phing\Test\Task\System\MoveTaskTest
Tests run: 6, Risky: 0, Warnings: 0, Failures: 1, Errors: 1, Incomplete: 0, Skipped: 0, Time elapsed: 0.02252 s
testIgnoreErrors ERROR
Could not find file /Users/mrook/Projects/personal/phing/tests/etc/tasks/system/no_such_file.txt to copy.
testGranularity FAILED
Expected to find 'Test omitted, Test is up to date' in logs: array (
  0 => '[msg="Build sequence for target \'testGranularity\' is: testGranularity ",priority=3]',
  1 => '[msg="Complete build sequence is: testGranularity  setup clean testMoveSingleFile testMoveFileSet testRenameDirectory testIgnoreErrors testReplaceRegexp main ",priority=3]',
  2 => '[msg="Phing\\Listener\\BuildEvent[source=testGranularity]",priority=4]',
  3 => '[msg="Phing\\Listener\\BuildEvent[source=Phing\\UnknownElement]",priority=4]',
  4 => '[msg="  +Task: touch",priority=4]',
  5 => '[msg="    -calling setter Phing\\Task\\System\\TouchTask::setMkdirs()",priority=4]',
  6 => '[msg="Property ${tmp.dir} => tmp",priority=3]',
  7 => '[msg="    -calling setter Phing\\Task\\System\\TouchTask::setFile()",priority=4]',
  8 => '[msg="    -calling setter Phing\\Task\\System\\TouchTask::setDatetime()",priority=4]',
  9 => '[msg="Setting seconds to 1685479673 from datetime attribute",priority=3]',
  10 => '[msg="Creating /Users/mrook/Projects/personal/phing/tests/etc/tasks/system/tmp/copysrcs/Test",priority=2]',
  11 => '[msg="Phing\\Listener\\BuildEvent[source=Phing\\UnknownElement]",priority=4]',
  12 => '[msg="Phing\\Listener\\BuildEvent[source=Phing\\UnknownElement]",priority=4]',
  13 => '[msg="  +Task: touch",priority=4]',
  14 => '[msg="    -calling setter Phing\\Task\\System\\TouchTask::setMkdirs()",priority=4]',
  15 => '[msg="Property ${tmp.dir} => tmp",priority=3]',
  16 => '[msg="    -calling setter Phing\\Task\\System\\TouchTask::setFile()",priority=4]',
  17 => '[msg="    -calling setter Phing\\Task\\System\\TouchTask::setDatetime()",priority=4]',
  18 => '[msg="Setting seconds to 1654030073 from datetime attribute",priority=3]',
  19 => '[msg="Creating /Users/mrook/Projects/personal/phing/tests/etc/tasks/system/tmp/copydest/Test",priority=2]',
  20 => '[msg="Phing\\Listener\\BuildEvent[source=Phing\\UnknownElement]",priority=4]',
  21 => '[msg="Phing\\Listener\\BuildEvent[source=Phing\\UnknownElement]",priority=4]',
  22 => '[msg="  +Task: move",priority=4]',
  23 => '[msg="Property ${tmp.dir} => tmp",priority=3]',
  24 => '[msg="    -calling setter Phing\\Task\\System\\CopyTask::setFile()",priority=4]',
  25 => '[msg="Property ${tmp.dir} => tmp",priority=3]',
  26 => '[msg="    -calling setter Phing\\Task\\System\\CopyTask::setTodir()",priority=4]',
  27 => '[msg="    -calling setter Phing\\Task\\System\\CopyTask::setGranularity()",priority=4]',
  28 => '[msg="    -calling setter Phing\\Task\\System\\CopyTask::setOverwrite()",priority=4]',
  29 => '[msg="Moving 1 files to /Users/mrook/Projects/personal/phing/tests/etc/tasks/system/tmp/copydest",priority=2]',
  30 => '[msg="Moving /Users/mrook/Projects/personal/phing/tests/etc/tasks/system/tmp/copysrcs/Test to /Users/mrook/Projects/personal/phing/tests/etc/tasks/system/tmp/copydest/Test",priority=3]',
  31 => '[msg="Phing\\Listener\\BuildEvent[source=Phing\\UnknownElement]",priority=4]',
  32 => '[msg="Phing\\Listener\\BuildEvent[source=testGranularity]",priority=4]',
)
Testsuite: Phing\Test\Task\System\PathConvertTest
Tests run: 5, Risky: 0, Warnings: 0, Failures: 0, Errors: 0, Incomplete: 0, Skipped: 0, Time elapsed: 0.00635 s
Testsuite: Phing\Test\Task\System\PharDataTaskTest
Tests run: 7, Risky: 0, Warnings: 0, Failures: 0, Errors: 0, Incomplete: 0, Skipped: 0, Time elapsed: 0.04516 s
Testsuite: Phing\Test\Task\System\PharPackageTaskTest
Tests run: 2, Risky: 0, Warnings: 0, Failures: 0, Errors: 0, Incomplete: 0, Skipped: 0, Time elapsed: 0.10355 s
Testsuite: Phing\Test\Task\System\PhingTaskTest
Tests run: 23, Risky: 0, Warnings: 0, Failures: 1, Errors: 0, Incomplete: 0, Skipped: 1, Time elapsed: 0.22035 s
testReferenceNoInheritance FAILED
Call 1 refid=\'path\'
Failed asserting that false is true.
testInfiniteLoopViaDepends SKIPPED
Testsuite: Phing\Test\Task\System\PhpEvalTaskTest
Tests run: 6, Risky: 0, Warnings: 0, Failures: 0, Errors: 0, Incomplete: 0, Skipped: 0, Time elapsed: 0.01072 s
Testsuite: Phing\Test\Task\System\PhpLintTaskTest
Tests run: 4, Risky: 0, Warnings: 0, Failures: 0, Errors: 0, Incomplete: 0, Skipped: 1, Time elapsed: 0.13236 s
testDeprecated SKIPPED
Testsuite: Phing\Test\Task\System\Property\PropertyCopyTest
Tests run: 1, Risky: 0, Warnings: 0, Failures: 0, Errors: 0, Incomplete: 0, Skipped: 0, Time elapsed: 0.00308 s
Testsuite: Phing\Test\Task\System\Property\PropertySelectorTest
Tests run: 2, Risky: 0, Warnings: 0, Failures: 0, Errors: 0, Incomplete: 0, Skipped: 0, Time elapsed: 0.00452 s
Testsuite: Phing\Test\Task\System\Property\RegexTaskTest
Tests run: 3, Risky: 0, Warnings: 0, Failures: 0, Errors: 0, Incomplete: 0, Skipped: 0, Time elapsed: 0.00505 s
Testsuite: Phing\Test\Task\System\Property\SortListTest
Tests run: 3, Risky: 0, Warnings: 0, Failures: 0, Errors: 0, Incomplete: 0, Skipped: 0, Time elapsed: 0.00542 s
Testsuite: Phing\Test\Task\System\Property\URLEncodeTaskTest
Tests run: 2, Risky: 0, Warnings: 0, Failures: 0, Errors: 0, Incomplete: 0, Skipped: 0, Time elapsed: 0.00394 s
Testsuite: Phing\Test\Task\System\Property\VariableTest
Tests run: 1, Risky: 0, Warnings: 0, Failures: 0, Errors: 0, Incomplete: 0, Skipped: 0, Time elapsed: 0.00354 s
Testsuite: Phing\Task\System\Property\XmlPropertyTaskTest
Tests run: 1, Risky: 0, Warnings: 0, Failures: 0, Errors: 0, Incomplete: 0, Skipped: 0, Time elapsed: 0.00365 s
Testsuite: Phing\Test\Task\System\PropertyTaskTest::testCircularDefinitionDetection
Tests run: 3, Risky: 0, Warnings: 0, Failures: 0, Errors: 0, Incomplete: 0, Skipped: 0, Time elapsed: 0.00790 s
Testsuite: Phing\Test\Task\System\PropertyTaskTest
Tests run: 12, Risky: 0, Warnings: 0, Failures: 0, Errors: 0, Incomplete: 0, Skipped: 0, Time elapsed: 0.05628 s
Testsuite: Phing\Test\Task\System\RecorderTaskTest
Tests run: 1, Risky: 0, Warnings: 0, Failures: 0, Errors: 0, Incomplete: 0, Skipped: 0, Time elapsed: 0.00406 s
Testsuite: Phing\Test\Task\System\ReflexiveTaskTest
Tests run: 4, Risky: 0, Warnings: 0, Failures: 0, Errors: 0, Incomplete: 0, Skipped: 0, Time elapsed: 0.01267 s
Testsuite: Phing\Test\Task\System\RelentlessTest
Tests run: 3, Risky: 0, Warnings: 0, Failures: 0, Errors: 0, Incomplete: 0, Skipped: 0, Time elapsed: 0.00547 s
Testsuite: Phing\Test\Task\System\ReplaceRegexpTaskTest
Tests run: 1, Risky: 0, Warnings: 0, Failures: 0, Errors: 0, Incomplete: 0, Skipped: 0, Time elapsed: 0.00376 s
Testsuite: Phing\Test\Task\System\RetryTest
Tests run: 1, Risky: 0, Warnings: 0, Failures: 0, Errors: 0, Incomplete: 0, Skipped: 0, Time elapsed: 3.01649 s
Testsuite: Phing\Test\Task\System\RunTargetTaskTest
Tests run: 1, Risky: 0, Warnings: 0, Failures: 0, Errors: 0, Incomplete: 0, Skipped: 0, Time elapsed: 0.00884 s
Testsuite: Phing\Test\Task\System\SleepTaskTest
Tests run: 6, Risky: 0, Warnings: 0, Failures: 0, Errors: 0, Incomplete: 0, Skipped: 0, Time elapsed: 4.05514 s
Testsuite: Phing\Test\Task\System\SubPhingTest
Tests run: 4, Risky: 0, Warnings: 0, Failures: 0, Errors: 0, Incomplete: 0, Skipped: 1, Time elapsed: 0.02935 s
testPhingVersion SKIPPED
Testsuite: Phing\Test\Task\System\SwitchTaskTest
Tests run: 2, Risky: 0, Warnings: 0, Failures: 0, Errors: 0, Incomplete: 0, Skipped: 0, Time elapsed: 0.00775 s
Testsuite: Phing\Test\Task\System\SymlinkTaskTest
Tests run: 5, Risky: 0, Warnings: 0, Failures: 0, Errors: 0, Incomplete: 0, Skipped: 5, Time elapsed: 0.00024 s
testSymlinkExists SKIPPED
testOverwritingSymlink SKIPPED
testOverwritingDirectory SKIPPED
testNotOverwritingSymlink SKIPPED
testOverwriteDanglingSymlink SKIPPED
Testsuite: Phing\Test\Task\System\TaskdefTaskTest
Tests run: 6, Risky: 0, Warnings: 0, Failures: 0, Errors: 0, Incomplete: 0, Skipped: 0, Time elapsed: 0.01888 s
Testsuite: Phing\Test\Task\System\TempFileTest
Tests run: 1, Risky: 0, Warnings: 0, Failures: 0, Errors: 0, Incomplete: 0, Skipped: 0, Time elapsed: 0.00472 s
Testsuite: Phing\Test\Task\System\TouchTaskTest
Tests run: 19, Risky: 0, Warnings: 0, Failures: 0, Errors: 0, Incomplete: 0, Skipped: 0, Time elapsed: 0.12293 s
Testsuite: Phing\Test\Task\System\TruncateTaskTest
Tests run: 10, Risky: 0, Warnings: 0, Failures: 1, Errors: 0, Incomplete: 0, Skipped: 0, Time elapsed: 0.02070 s
testNoCreate FAILED
Failed asserting that file "tmp/foo" does not exist.
Testsuite: Phing\Test\Task\System\TryCatchTest
Tests run: 4, Risky: 0, Warnings: 0, Failures: 0, Errors: 0, Incomplete: 0, Skipped: 0, Time elapsed: 0.00578 s
Testsuite: Phing\Test\Task\System\TstampTaskTest
Tests run: 9, Risky: 0, Warnings: 0, Failures: 0, Errors: 0, Incomplete: 0, Skipped: 0, Time elapsed: 0.01311 s
Testsuite: Phing\Test\Task\System\TypedefTaskTest
Tests run: 6, Risky: 0, Warnings: 0, Failures: 0, Errors: 0, Incomplete: 0, Skipped: 0, Time elapsed: 0.02397 s
Testsuite: Phing\Test\Task\System\UpToDateTaskTest
Tests run: 2, Risky: 0, Warnings: 0, Failures: 0, Errors: 0, Incomplete: 0, Skipped: 0, Time elapsed: 0.00357 s
Testsuite: Phing\Test\Task\System\VersionTaskTest::testGetVersionMethod
Tests run: 114, Risky: 0, Warnings: 0, Failures: 0, Errors: 0, Incomplete: 0, Skipped: 0, Time elapsed: 0.16582 s
Testsuite: Phing\Test\Task\System\VersionTaskTest
Tests run: 121, Risky: 0, Warnings: 0, Failures: 0, Errors: 0, Incomplete: 0, Skipped: 0, Time elapsed: 0.17920 s
Testsuite: Phing\Test\Task\System\WaitForTaskTest
Tests run: 2, Risky: 0, Warnings: 0, Failures: 0, Errors: 0, Incomplete: 0, Skipped: 0, Time elapsed: 1.01468 s
Testsuite: Phing\Test\Task\System\WarnTaskTest
Tests run: 1, Risky: 0, Warnings: 0, Failures: 0, Errors: 0, Incomplete: 0, Skipped: 0, Time elapsed: 0.00972 s
Testsuite: Phing\Test\Task\System\XmlLintTaskTest
Tests run: 1, Risky: 0, Warnings: 0, Failures: 0, Errors: 0, Incomplete: 0, Skipped: 0, Time elapsed: 0.04359 s
Testsuite: Phing\Test\Task\System\XsltTaskTest
Tests run: 1, Risky: 0, Warnings: 0, Failures: 0, Errors: 0, Incomplete: 0, Skipped: 0, Time elapsed: 0.01364 s
Testsuite: Phing\Test\Type\CommandlineArgumentTest
Tests run: 3, Risky: 0, Warnings: 0, Failures: 0, Errors: 0, Incomplete: 0, Skipped: 0, Time elapsed: 0.00143 s
Testsuite: Phing\Test\Type\CommandlineTest
Tests run: 3, Risky: 0, Warnings: 0, Failures: 0, Errors: 0, Incomplete: 0, Skipped: 0, Time elapsed: 0.00316 s
Testsuite: Phing\Test\Type\DataTypeTest
Tests run: 4, Risky: 0, Warnings: 0, Failures: 0, Errors: 0, Incomplete: 0, Skipped: 0, Time elapsed: 0.00152 s
Testsuite: Phing\Test\Type\DescriptionTest::test
Tests run: 4, Risky: 0, Warnings: 0, Failures: 0, Errors: 0, Incomplete: 0, Skipped: 0, Time elapsed: 0.01800 s
Testsuite: Phing\Test\Type\DescriptionTest
Tests run: 4, Risky: 0, Warnings: 0, Failures: 0, Errors: 0, Incomplete: 0, Skipped: 0, Time elapsed: 0.01816 s
Testsuite: Phing\Test\Type\DirSetTest
Tests run: 2, Risky: 0, Warnings: 0, Failures: 0, Errors: 0, Incomplete: 0, Skipped: 0, Time elapsed: 0.59684 s
Testsuite: Phing\Test\Type\EnvironmentTest
Tests run: 4, Risky: 0, Warnings: 0, Failures: 0, Errors: 0, Incomplete: 0, Skipped: 0, Time elapsed: 0.00096 s
Testsuite: Phing\Test\Type\ExcludesNameEntryTest
Tests run: 3, Risky: 0, Warnings: 0, Failures: 0, Errors: 0, Incomplete: 0, Skipped: 0, Time elapsed: 0.00093 s
Testsuite: Phing\Test\Type\FileListTest
Tests run: 5, Risky: 0, Warnings: 0, Failures: 0, Errors: 0, Incomplete: 0, Skipped: 0, Time elapsed: 0.00160 s
Testsuite: Phing\Test\Type\FileSetTest
Tests run: 1, Risky: 0, Warnings: 0, Failures: 0, Errors: 0, Incomplete: 0, Skipped: 0, Time elapsed: 0.00037 s
Testsuite: Phing\Test\Type\MapperTest
Tests run: 8, Risky: 0, Warnings: 0, Failures: 0, Errors: 0, Incomplete: 0, Skipped: 0, Time elapsed: 0.00662 s
Testsuite: Phing\Test\Type\ParameterTest
Tests run: 6, Risky: 0, Warnings: 0, Failures: 0, Errors: 0, Incomplete: 0, Skipped: 0, Time elapsed: 0.00157 s
Testsuite: Phing\Test\Type\PatternSetTest
Tests run: 5, Risky: 0, Warnings: 0, Failures: 0, Errors: 0, Incomplete: 0, Skipped: 0, Time elapsed: 0.00123 s
Testsuite: Phing\Test\Type\ReferenceTest
Tests run: 3, Risky: 0, Warnings: 0, Failures: 0, Errors: 0, Incomplete: 0, Skipped: 0, Time elapsed: 0.00069 s
Testsuite: Phing\Test\Type\Selector\ContainsRegexpSelectorTest
Tests run: 1, Risky: 0, Warnings: 0, Failures: 0, Errors: 0, Incomplete: 0, Skipped: 0, Time elapsed: 0.00708 s
Testsuite: Phing\Test\Type\Selector\DateSelectorTest
Tests run: 18, Risky: 0, Warnings: 0, Failures: 0, Errors: 0, Incomplete: 0, Skipped: 0, Time elapsed: 0.11731 s
Testsuite: Phing\Test\Type\Selector\DifferentSelectorTest
Tests run: 2, Risky: 0, Warnings: 0, Failures: 1, Errors: 0, Incomplete: 0, Skipped: 0, Time elapsed: 0.01068 s
testDifferentTime FAILED
Failed asserting that file "/Users/mrook/Projects/personal/phing/tests/etc/types/selectors/tmp/selector/testresult/b.txt" exists.
Testsuite: Phing\Test\Type\Selector\ExecutableTest
Tests run: 2, Risky: 0, Warnings: 0, Failures: 0, Errors: 0, Incomplete: 0, Skipped: 2, Time elapsed: 0.00013 s
testExecutable SKIPPED
testUnexecutable SKIPPED
Testsuite: Phing\Test\Type\Selector\ModifiedSelectorTest
Tests run: 4, Risky: 0, Warnings: 0, Failures: 0, Errors: 0, Incomplete: 0, Skipped: 0, Time elapsed: 0.01935 s
Testsuite: Phing\Test\Type\Selector\PosixPermissionsSelectorTest::argument
Tests run: 6, Risky: 0, Warnings: 0, Failures: 0, Errors: 0, Incomplete: 0, Skipped: 6, Time elapsed: 0.00085 s
argument with data set #0 SKIPPED
argument with data set #1 SKIPPED
argument with data set #2 SKIPPED
argument with data set #3 SKIPPED
argument with data set "legal octal string" SKIPPED
argument with data set "legal posix string" SKIPPED
Testsuite: Phing\Test\Type\Selector\PosixPermissionsSelectorTest
Tests run: 8, Risky: 0, Warnings: 0, Failures: 0, Errors: 0, Incomplete: 0, Skipped: 8, Time elapsed: 0.00134 s
argument with data set #0 SKIPPED
argument with data set #1 SKIPPED
argument with data set #2 SKIPPED
argument with data set #3 SKIPPED
argument with data set "legal octal string" SKIPPED
argument with data set "legal posix string" SKIPPED
Testsuite: Phing\Test\Type\Selector\ReadWriteTest
Tests run: 3, Risky: 0, Warnings: 0, Failures: 0, Errors: 0, Incomplete: 0, Skipped: 0, Time elapsed: 0.00654 s
Testsuite: Phing\Test\Type\Selector\SelectorUtilsTest
Tests run: 7, Risky: 0, Warnings: 0, Failures: 0, Errors: 0, Incomplete: 0, Skipped: 0, Time elapsed: 3.00793 s
Testsuite: Phing\Test\Type\Selector\SymlinkSelectorTest
Tests run: 2, Risky: 0, Warnings: 0, Failures: 0, Errors: 0, Incomplete: 0, Skipped: 2, Time elapsed: 0.00022 s
testAsFalseConditions SKIPPED
testAsTrueConditions SKIPPED
Testsuite: Phing\Test\Type\TaskdefForCopyTest
Tests run: 5, Risky: 0, Warnings: 0, Failures: 0, Errors: 0, Incomplete: 0, Skipped: 0, Time elapsed: 0.33341 s
Testsuite: Phing\Test\Util\CharacterTest::testIsChar
Tests run: 3, Risky: 0, Warnings: 0, Failures: 0, Errors: 0, Incomplete: 0, Skipped: 0, Time elapsed: 0.00028 s
Testsuite: Phing\Test\Util\CharacterTest
Tests run: 3, Risky: 0, Warnings: 0, Failures: 0, Errors: 0, Incomplete: 0, Skipped: 0, Time elapsed: 0.00045 s
Testsuite: Phing\Test\Util\DefaultClockTest
Tests run: 1, Risky: 0, Warnings: 0, Failures: 0, Errors: 0, Incomplete: 0, Skipped: 0, Time elapsed: 0.00014 s
Testsuite: Phing\Test\Util\PregEngineTest
Tests run: 17, Risky: 0, Warnings: 0, Failures: 0, Errors: 0, Incomplete: 0, Skipped: 0, Time elapsed: 0.00140 s
Testsuite: Phing\Test\Util\PropertiesTest
Tests run: 5, Risky: 0, Warnings: 0, Failures: 0, Errors: 0, Incomplete: 0, Skipped: 0, Time elapsed: 0.02341 s
Testsuite: Phing\Test\Util\RegisterSlotTest
Tests run: 3, Risky: 0, Warnings: 0, Failures: 0, Errors: 0, Incomplete: 0, Skipped: 0, Time elapsed: 0.00039 s
Testsuite: Phing\Test\Util\SizeHelperTest::testFromHumanToBytes
Tests run: 40, Risky: 0, Warnings: 0, Failures: 0, Errors: 0, Incomplete: 0, Skipped: 0, Time elapsed: 0.00367 s
Testsuite: Phing\Test\Util\SizeHelperTest::testInvalidFromHumanToBytes
Tests run: 10, Risky: 0, Warnings: 0, Failures: 0, Errors: 0, Incomplete: 0, Skipped: 0, Time elapsed: 0.00081 s
Testsuite: Phing\Test\Util\SizeHelperTest::testFromBytesTo
Tests run: 34, Risky: 0, Warnings: 0, Failures: 0, Errors: 0, Incomplete: 0, Skipped: 0, Time elapsed: 0.00235 s
Testsuite: Phing\Test\Util\SizeHelperTest::testInvalidFromBytesTo
Tests run: 9, Risky: 0, Warnings: 0, Failures: 0, Errors: 0, Incomplete: 0, Skipped: 0, Time elapsed: 0.00068 s
Testsuite: Phing\Test\Util\SizeHelperTest
Tests run: 93, Risky: 0, Warnings: 0, Failures: 0, Errors: 0, Incomplete: 0, Skipped: 0, Time elapsed: 0.00763 s
Testsuite: Phing\Test\Util\StringHelperTest::testBooleanValue
Tests run: 41, Risky: 0, Warnings: 0, Failures: 0, Errors: 0, Incomplete: 0, Skipped: 0, Time elapsed: 0.00336 s
Testsuite: Phing\Test\Util\StringHelperTest::testIsBoolean
Tests run: 42, Risky: 0, Warnings: 0, Failures: 0, Errors: 0, Incomplete: 0, Skipped: 0, Time elapsed: 0.00315 s
Testsuite: Phing\Test\Util\StringHelperTest::testStartsWith
Tests run: 12, Risky: 0, Warnings: 0, Failures: 0, Errors: 0, Incomplete: 0, Skipped: 0, Time elapsed: 0.00080 s
Testsuite: Phing\Test\Util\StringHelperTest::testEndsWith
Tests run: 12, Risky: 0, Warnings: 0, Failures: 0, Errors: 0, Incomplete: 0, Skipped: 0, Time elapsed: 0.00085 s
Testsuite: Phing\Test\Util\StringHelperTest::testSubstring
Tests run: 10, Risky: 0, Warnings: 0, Failures: 0, Errors: 0, Incomplete: 0, Skipped: 0, Time elapsed: 0.00074 s
Testsuite: Phing\Test\Util\StringHelperTest::testSubstringError
Tests run: 5, Risky: 0, Warnings: 5, Failures: 0, Errors: 0, Incomplete: 0, Skipped: 0, Time elapsed: 0.00449 s
testSubstringError with data set #0 WARNING
Expecting E_ERROR and E_USER_ERROR is deprecated and will no longer be possible in PHPUnit 10.
testSubstringError with data set #1 WARNING
Expecting E_ERROR and E_USER_ERROR is deprecated and will no longer be possible in PHPUnit 10.
testSubstringError with data set #2 WARNING
Expecting E_ERROR and E_USER_ERROR is deprecated and will no longer be possible in PHPUnit 10.
testSubstringError with data set #3 WARNING
Expecting E_ERROR and E_USER_ERROR is deprecated and will no longer be possible in PHPUnit 10.
testSubstringError with data set #4 WARNING
Expecting E_ERROR and E_USER_ERROR is deprecated and will no longer be possible in PHPUnit 10.
Testsuite: Phing\Test\Util\StringHelperTest::testIsSlotVar
Tests run: 15, Risky: 0, Warnings: 0, Failures: 0, Errors: 0, Incomplete: 0, Skipped: 0, Time elapsed: 0.00137 s
Testsuite: Phing\Test\Util\StringHelperTest::testSlotVar
Tests run: 7, Risky: 0, Warnings: 0, Failures: 0, Errors: 0, Incomplete: 0, Skipped: 0, Time elapsed: 0.00047 s
Testsuite: Phing\Test\Util\StringHelperTest
Tests run: 145, Risky: 0, Warnings: 5, Failures: 0, Errors: 0, Incomplete: 0, Skipped: 0, Time elapsed: 0.01554 s
